# JRE version: Java(TM) SE Runtime Environment (8.0_161-b12) (build 1.8.0_161-b12)
# Java VM: Java HotSpot(TM) 64-Bit Server VM (25.161-b12 mixed mode linux-amd64 compressed oops)
Heap:
 PSYoungGen      total 194560K, used 0K [0x00000000eab00000, 0x00000000f7b00000, 0x0000000100000000)
  eden space 182272K, 0% used [0x00000000eab00000,0x00000000eab00000,0x00000000f5d00000)
  from space 12288K, 0% used [0x00000000f6f00000,0x00000000f6f00000,0x00000000f7b00000)
  to   space 15360K, 0% used [0x00000000f5d00000,0x00000000f5d00000,0x00000000f6c00000)
 ParOldGen       total 64512K, used 28139K [0x00000000c0000000, 0x00000000c3f00000, 0x00000000eab00000)
  object space 64512K, 43% used [0x00000000c0000000,0x00000000c1b7ad40,0x00000000c3f00000)
 Metaspace       used 49455K, capacity 50112K, committed 59096K, reserved 1099776K
  class space    used 6784K, capacity 6976K, committed 8064K, reserved 1048576K
GC Heap History (10 events):
Event: 5.379 GC heap after
Heap after GC invocations=12 (full 1):
 PSYoungGen      total 128512K, used 2079K [0x00000000eab00000, 0x00000000f5a80000, 0x0000000100000000)
  eden space 116224K, 0% used [0x00000000eab00000,0x00000000eab00000,0x00000000f1c80000)
  from space 12288K, 16% used [0x00000000f1c80000,0x00000000f1e87e38,0x00000000f2880000)
  to   space 12288K, 0% used [0x00000000f4e80000,0x00000000f4e80000,0x00000000f5a80000)
 ParOldGen       total 37376K, used 23606K [0x00000000c0000000, 0x00000000c2480000, 0x00000000eab00000)
  object space 37376K, 63% used [0x00000000c0000000,0x00000000c170db58,0x00000000c2480000)
 Metaspace       used 34806K, capacity 35236K, committed 35456K, reserved 1079296K
  class space    used 5062K, capacity 5225K, committed 5248K, reserved 1048576K
}
Event: 5.379 GC heap before
{Heap before GC invocations=13 (full 2):
 PSYoungGen      total 128512K, used 2079K [0x00000000eab00000, 0x00000000f5a80000, 0x0000000100000000)
  eden space 116224K, 0% used [0x00000000eab00000,0x00000000eab00000,0x00000000f1c80000)
  from space 12288K, 16% used [0x00000000f1c80000,0x00000000f1e87e38,0x00000000f2880000)
  to   space 12288K, 0% used [0x00000000f4e80000,0x00000000f4e80000,0x00000000f5a80000)
 ParOldGen       total 37376K, used 23606K [0x00000000c0000000, 0x00000000c2480000, 0x00000000eab00000)
  object space 37376K, 63% used [0x00000000c0000000,0x00000000c170db58,0x00000000c2480000)
 Metaspace       used 34806K, capacity 35236K, committed 35456K, reserved 1079296K
  class space    used 5062K, capacity 5225K, committed 5248K, reserved 1048576K
Event: 5.507 GC heap after
Heap after GC invocations=13 (full 2):
 PSYoungGen      total 128512K, used 0K [0x00000000eab00000, 0x00000000f5a80000, 0x0000000100000000)
  eden space 116224K, 0% used [0x00000000eab00000,0x00000000eab00000,0x00000000f1c80000)
  from space 12288K, 0% used [0x00000000f1c80000,0x00000000f1c80000,0x00000000f2880000)
  to   space 12288K, 0% used [0x00000000f4e80000,0x00000000f4e80000,0x00000000f5a80000)
 ParOldGen       total 64512K, used 21673K [0x00000000c0000000, 0x00000000c3f00000, 0x00000000eab00000)
  object space 64512K, 33% used [0x00000000c0000000,0x00000000c152a5a8,0x00000000c3f00000)
 Metaspace       used 34806K, capacity 35236K, committed 35456K, reserved 1079296K
  class space    used 5062K, capacity 5225K, committed 5248K, reserved 1048576K
}
Event: 7.466 GC heap before
{Heap before GC invocations=14 (full 2):
 PSYoungGen      total 128512K, used 116224K [0x00000000eab00000, 0x00000000f5a80000, 0x0000000100000000)
  eden space 116224K, 100% used [0x00000000eab00000,0x00000000f1c80000,0x00000000f1c80000)
  from space 12288K, 0% used [0x00000000f1c80000,0x00000000f1c80000,0x00000000f2880000)
  to   space 12288K, 0% used [0x00000000f4e80000,0x00000000f4e80000,0x00000000f5a80000)
 ParOldGen       total 64512K, used 21673K [0x00000000c0000000, 0x00000000c3f00000, 0x00000000eab00000)
  object space 64512K, 33% used [0x00000000c0000000,0x00000000c152a5a8,0x00000000c3f00000)
 Metaspace       used 43747K, capacity 44458K, committed 44800K, reserved 1087488K
  class space    used 6132K, capacity 6398K, committed 6400K, reserved 1048576K
Event: 7.481 GC heap after
Heap after GC invocations=14 (full 2):
 PSYoungGen      total 162304K, used 12275K [0x00000000eab00000, 0x00000000f5a80000, 0x0000000100000000)
  eden space 150016K, 0% used [0x00000000eab00000,0x00000000eab00000,0x00000000f3d80000)
  from space 12288K, 99% used [0x00000000f4e80000,0x00000000f5a7cdc8,0x00000000f5a80000)
  to   space 14336K, 0% used [0x00000000f3e80000,0x00000000f3e80000,0x00000000f4c80000)
 ParOldGen       total 64512K, used 22041K [0x00000000c0000000, 0x00000000c3f00000, 0x00000000eab00000)
  object space 64512K, 34% used [0x00000000c0000000,0x00000000c1586608,0x00000000c3f00000)
 Metaspace       used 43747K, capacity 44458K, committed 44800K, reserved 1087488K
  class space    used 6132K, capacity 6398K, committed 6400K, reserved 1048576K
}
Event: 1550.990 GC heap before
{Heap before GC invocations=15 (full 2):
 PSYoungGen      total 162304K, used 162291K [0x00000000eab00000, 0x00000000f5a80000, 0x0000000100000000)
  eden space 150016K, 100% used [0x00000000eab00000,0x00000000f3d80000,0x00000000f3d80000)
  from space 12288K, 99% used [0x00000000f4e80000,0x00000000f5a7cdc8,0x00000000f5a80000)
  to   space 14336K, 0% used [0x00000000f3e80000,0x00000000f3e80000,0x00000000f4c80000)
 ParOldGen       total 64512K, used 22041K [0x00000000c0000000, 0x00000000c3f00000, 0x00000000eab00000)
  object space 64512K, 34% used [0x00000000c0000000,0x00000000c1586608,0x00000000c3f00000)
 Metaspace       used 50473K, capacity 51426K, committed 51712K, reserved 1093632K
  class space    used 6880K, capacity 7154K, committed 7168K, reserved 1048576K
Event: 1551.006 GC heap after
Heap after GC invocations=15 (full 2):
 PSYoungGen      total 165376K, used 4968K [0x00000000eab00000, 0x00000000f7c80000, 0x0000000100000000)
  eden space 151040K, 0% used [0x00000000eab00000,0x00000000eab00000,0x00000000f3e80000)
  from space 14336K, 34% used [0x00000000f3e80000,0x00000000f435a350,0x00000000f4c80000)
  to   space 13824K, 0% used [0x00000000f6f00000,0x00000000f6f00000,0x00000000f7c80000)
 ParOldGen       total 64512K, used 27747K [0x00000000c0000000, 0x00000000c3f00000, 0x00000000eab00000)
  object space 64512K, 43% used [0x00000000c0000000,0x00000000c1b18ca8,0x00000000c3f00000)
 Metaspace       used 50473K, capacity 51426K, committed 51712K, reserved 1093632K
  class space    used 6880K, capacity 7154K, committed 7168K, reserved 1048576K
}
Event: 1947.390 GC heap before
{Heap before GC invocations=16 (full 2):
 PSYoungGen      total 165376K, used 101718K [0x00000000eab00000, 0x00000000f7c80000, 0x0000000100000000)
  eden space 151040K, 64% used [0x00000000eab00000,0x00000000f097b528,0x00000000f3e80000)
  from space 14336K, 34% used [0x00000000f3e80000,0x00000000f435a350,0x00000000f4c80000)
  to   space 13824K, 0% used [0x00000000f6f00000,0x00000000f6f00000,0x00000000f7c80000)
 ParOldGen       total 64512K, used 27747K [0x00000000c0000000, 0x00000000c3f00000, 0x00000000eab00000)
  object space 64512K, 43% used [0x00000000c0000000,0x00000000c1b18ca8,0x00000000c3f00000)
 Metaspace       used 57848K, capacity 58948K, committed 59096K, reserved 1099776K
  class space    used 7722K, capacity 8033K, committed 8064K, reserved 1048576K
Event: 1947.886 GC heap after
Heap after GC invocations=16 (full 2):
 PSYoungGen      total 194560K, used 12012K [0x00000000eab00000, 0x00000000f7b00000, 0x0000000100000000)
  eden space 182272K, 0% used [0x00000000eab00000,0x00000000eab00000,0x00000000f5d00000)
  from space 12288K, 97% used [0x00000000f6f00000,0x00000000f7abb180,0x00000000f7b00000)
  to   space 15360K, 0% used [0x00000000f5d00000,0x00000000f5d00000,0x00000000f6c00000)
 ParOldGen       total 64512K, used 27755K [0x00000000c0000000, 0x00000000c3f00000, 0x00000000eab00000)
  object space 64512K, 43% used [0x00000000c0000000,0x00000000c1b1aca8,0x00000000c3f00000)
 Metaspace       used 57848K, capacity 58948K, committed 59096K, reserved 1099776K
  class space    used 7722K, capacity 8033K, committed 8064K, reserved 1048576K
}
Event: 1947.941 GC heap before
{Heap before GC invocations=17 (full 3):
 PSYoungGen      total 194560K, used 12012K [0x00000000eab00000, 0x00000000f7b00000, 0x0000000100000000)
  eden space 182272K, 0% used [0x00000000eab00000,0x00000000eab00000,0x00000000f5d00000)
  from space 12288K, 97% used [0x00000000f6f00000,0x00000000f7abb180,0x00000000f7b00000)
  to   space 15360K, 0% used [0x00000000f5d00000,0x00000000f5d00000,0x00000000f6c00000)
 ParOldGen       total 64512K, used 27755K [0x00000000c0000000, 0x00000000c3f00000, 0x00000000eab00000)
  object space 64512K, 43% used [0x00000000c0000000,0x00000000c1b1aca8,0x00000000c3f00000)
 Metaspace       used 57848K, capacity 58948K, committed 59096K, reserved 1099776K
  class space    used 7722K, capacity 8033K, committed 8064K, reserved 1048576K

