# JRE version: Java(TM) SE Runtime Environment (8.0_161-b12) (build 1.8.0_161-b12)
# Java VM: Java HotSpot(TM) 64-Bit Server VM (25.161-b12 mixed mode linux-amd64 compressed oops)
Heap:
 PSYoungGen      total 196096K, used 15335K [0x00000000eab00000, 0x00000000f8100000, 0x0000000100000000)
  eden space 180736K, 0% used [0x00000000eab00000,0x00000000eab00000,0x00000000f5b80000)
  from space 15360K, 99% used [0x00000000f5b80000,0x00000000f6a79f80,0x00000000f6a80000)
  to   space 14848K, 0% used [0x00000000f6a80000,0x00000000f6a80000,0x00000000f7900000)
 ParOldGen       total 90112K, used 37005K [0x00000000c0000000, 0x00000000c5800000, 0x00000000eab00000)
  object space 90112K, 41% used [0x00000000c0000000,0x00000000c2423768,0x00000000c5800000)
 Metaspace       used 74038K, capacity 75642K, committed 76032K, reserved 1116160K
  class space    used 9404K, capacity 9888K, committed 9984K, reserved 1048576K
GC Heap History (10 events):
Event: 10.318 GC heap after
Heap after GC invocations=13 (full 2):
 PSYoungGen      total 133120K, used 12790K [0x00000000eab00000, 0x00000000f5e00000, 0x0000000100000000)
  eden space 120320K, 0% used [0x00000000eab00000,0x00000000eab00000,0x00000000f2080000)
  from space 12800K, 99% used [0x00000000f2080000,0x00000000f2cfd940,0x00000000f2d00000)
  to   space 15872K, 0% used [0x00000000f4e80000,0x00000000f4e80000,0x00000000f5e00000)
 ParOldGen       total 61440K, used 24511K [0x00000000c0000000, 0x00000000c3c00000, 0x00000000eab00000)
  object space 61440K, 39% used [0x00000000c0000000,0x00000000c17efc20,0x00000000c3c00000)
 Metaspace       used 47807K, capacity 48478K, committed 48896K, reserved 1091584K
  class space    used 6599K, capacity 6824K, committed 6912K, reserved 1048576K
}
Event: 12.277 GC heap before
{Heap before GC invocations=14 (full 2):
 PSYoungGen      total 133120K, used 133110K [0x00000000eab00000, 0x00000000f5e00000, 0x0000000100000000)
  eden space 120320K, 100% used [0x00000000eab00000,0x00000000f2080000,0x00000000f2080000)
  from space 12800K, 99% used [0x00000000f2080000,0x00000000f2cfd940,0x00000000f2d00000)
  to   space 15872K, 0% used [0x00000000f4e80000,0x00000000f4e80000,0x00000000f5e00000)
 ParOldGen       total 61440K, used 24511K [0x00000000c0000000, 0x00000000c3c00000, 0x00000000eab00000)
  object space 61440K, 39% used [0x00000000c0000000,0x00000000c17efc20,0x00000000c3c00000)
 Metaspace       used 52509K, capacity 53314K, committed 53760K, reserved 1095680K
  class space    used 7126K, capacity 7394K, committed 7424K, reserved 1048576K
Event: 12.299 GC heap after
Heap after GC invocations=14 (full 2):
 PSYoungGen      total 162304K, used 5908K [0x00000000eab00000, 0x00000000f5a80000, 0x0000000100000000)
  eden space 150016K, 0% used [0x00000000eab00000,0x00000000eab00000,0x00000000f3d80000)
  from space 12288K, 48% used [0x00000000f4e80000,0x00000000f5445150,0x00000000f5a80000)
  to   space 14848K, 0% used [0x00000000f3d80000,0x00000000f3d80000,0x00000000f4c00000)
 ParOldGen       total 61440K, used 34397K [0x00000000c0000000, 0x00000000c3c00000, 0x00000000eab00000)
  object space 61440K, 55% used [0x00000000c0000000,0x00000000c2197550,0x00000000c3c00000)
 Metaspace       used 52509K, capacity 53314K, committed 53760K, reserved 1095680K
  class space    used 7126K, capacity 7394K, committed 7424K, reserved 1048576K
}
Event: 496.338 GC heap before
{Heap before GC invocations=15 (full 2):
 PSYoungGen      total 162304K, used 126729K [0x00000000eab00000, 0x00000000f5a80000, 0x0000000100000000)
  eden space 150016K, 80% used [0x00000000eab00000,0x00000000f20fd398,0x00000000f3d80000)
  from space 12288K, 48% used [0x00000000f4e80000,0x00000000f5445150,0x00000000f5a80000)
  to   space 14848K, 0% used [0x00000000f3d80000,0x00000000f3d80000,0x00000000f4c00000)
 ParOldGen       total 61440K, used 34397K [0x00000000c0000000, 0x00000000c3c00000, 0x00000000eab00000)
  object space 61440K, 55% used [0x00000000c0000000,0x00000000c2197550,0x00000000c3c00000)
 Metaspace       used 57840K, capacity 58878K, committed 59096K, reserved 1099776K
  class space    used 7703K, capacity 8010K, committed 8064K, reserved 1048576K
Event: 496.349 GC heap after
Heap after GC invocations=15 (full 2):
 PSYoungGen      total 164864K, used 8623K [0x00000000eab00000, 0x00000000f7900000, 0x0000000100000000)
  eden space 150016K, 0% used [0x00000000eab00000,0x00000000eab00000,0x00000000f3d80000)
  from space 14848K, 58% used [0x00000000f3d80000,0x00000000f45ebd38,0x00000000f4c00000)
  to   space 14848K, 0% used [0x00000000f6a80000,0x00000000f6a80000,0x00000000f7900000)
 ParOldGen       total 61440K, used 34405K [0x00000000c0000000, 0x00000000c3c00000, 0x00000000eab00000)
  object space 61440K, 55% used [0x00000000c0000000,0x00000000c2199550,0x00000000c3c00000)
 Metaspace       used 57840K, capacity 58878K, committed 59096K, reserved 1099776K
  class space    used 7703K, capacity 8010K, committed 8064K, reserved 1048576K
}
Event: 496.349 GC heap before
{Heap before GC invocations=16 (full 3):
 PSYoungGen      total 164864K, used 8623K [0x00000000eab00000, 0x00000000f7900000, 0x0000000100000000)
  eden space 150016K, 0% used [0x00000000eab00000,0x00000000eab00000,0x00000000f3d80000)
  from space 14848K, 58% used [0x00000000f3d80000,0x00000000f45ebd38,0x00000000f4c00000)
  to   space 14848K, 0% used [0x00000000f6a80000,0x00000000f6a80000,0x00000000f7900000)
 ParOldGen       total 61440K, used 34405K [0x00000000c0000000, 0x00000000c3c00000, 0x00000000eab00000)
  object space 61440K, 55% used [0x00000000c0000000,0x00000000c2199550,0x00000000c3c00000)
 Metaspace       used 57840K, capacity 58878K, committed 59096K, reserved 1099776K
  class space    used 7703K, capacity 8010K, committed 8064K, reserved 1048576K
Event: 496.554 GC heap after
Heap after GC invocations=16 (full 3):
 PSYoungGen      total 164864K, used 0K [0x00000000eab00000, 0x00000000f7900000, 0x0000000100000000)
  eden space 150016K, 0% used [0x00000000eab00000,0x00000000eab00000,0x00000000f3d80000)
  from space 14848K, 0% used [0x00000000f3d80000,0x00000000f3d80000,0x00000000f4c00000)
  to   space 14848K, 0% used [0x00000000f6a80000,0x00000000f6a80000,0x00000000f7900000)
 ParOldGen       total 90112K, used 35065K [0x00000000c0000000, 0x00000000c5800000, 0x00000000eab00000)
  object space 90112K, 38% used [0x00000000c0000000,0x00000000c223e7c0,0x00000000c5800000)
 Metaspace       used 57805K, capacity 58782K, committed 59096K, reserved 1099776K
  class space    used 7697K, capacity 8004K, committed 8064K, reserved 1048576K
}
Event: 498.801 GC heap before
{Heap before GC invocations=17 (full 3):
 PSYoungGen      total 164864K, used 150016K [0x00000000eab00000, 0x00000000f7900000, 0x0000000100000000)
  eden space 150016K, 100% used [0x00000000eab00000,0x00000000f3d80000,0x00000000f3d80000)
  from space 14848K, 0% used [0x00000000f3d80000,0x00000000f3d80000,0x00000000f4c00000)
  to   space 14848K, 0% used [0x00000000f6a80000,0x00000000f6a80000,0x00000000f7900000)
 ParOldGen       total 90112K, used 35065K [0x00000000c0000000, 0x00000000c5800000, 0x00000000eab00000)
  object space 90112K, 38% used [0x00000000c0000000,0x00000000c223e7c0,0x00000000c5800000)
 Metaspace       used 65339K, capacity 66552K, committed 67072K, reserved 1107968K
  class space    used 8484K, capacity 8863K, committed 8960K, reserved 1048576K
Event: 498.826 GC heap after
Heap after GC invocations=17 (full 3):
 PSYoungGen      total 195584K, used 10292K [0x00000000eab00000, 0x00000000f8100000, 0x0000000100000000)
  eden space 180736K, 0% used [0x00000000eab00000,0x00000000eab00000,0x00000000f5b80000)
  from space 14848K, 69% used [0x00000000f6a80000,0x00000000f748d348,0x00000000f7900000)
  to   space 15360K, 0% used [0x00000000f5b80000,0x00000000f5b80000,0x00000000f6a80000)
 ParOldGen       total 90112K, used 35073K [0x00000000c0000000, 0x00000000c5800000, 0x00000000eab00000)
  object space 90112K, 38% used [0x00000000c0000000,0x00000000c22407c0,0x00000000c5800000)
 Metaspace       used 65339K, capacity 66552K, committed 67072K, reserved 1107968K
  class space    used 8484K, capacity 8863K, committed 8960K, reserved 1048576K
}
Event: 525.738 GC heap before
{Heap before GC invocations=18 (full 3):
 PSYoungGen      total 195584K, used 191028K [0x00000000eab00000, 0x00000000f8100000, 0x0000000100000000)
  eden space 180736K, 100% used [0x00000000eab00000,0x00000000f5b80000,0x00000000f5b80000)
  from space 14848K, 69% used [0x00000000f6a80000,0x00000000f748d348,0x00000000f7900000)
  to   space 15360K, 0% used [0x00000000f5b80000,0x00000000f5b80000,0x00000000f6a80000)
 ParOldGen       total 90112K, used 35073K [0x00000000c0000000, 0x00000000c5800000, 0x00000000eab00000)
  object space 90112K, 38% used [0x00000000c0000000,0x00000000c22407c0,0x00000000c5800000)
 Metaspace       used 74038K, capacity 75642K, committed 76032K, reserved 1116160K
  class space    used 9404K, capacity 9888K, committed 9984K, reserved 1048576K

